
Start time:  2021-08-31 22:27:56.931491

===========================================================
====================== PREPROCESSING ======================
===========================================================
*********************** Formatting ************************
Activity data have been converted and saved in ../../../data/02_converted_data/.
Action data have been converted and saved in ../../../data/02_converted_data/.
Questionnaire data have been converted and saved in ../../../data/02_converted_data/.
Quizzes data have been converted and saved in ../../../data/02_converted_data/.
************************* Merging *************************
All the previous converted data have been merged and saved in ../../data/03_dataset/.
********************** Visualization **********************
The dataset contains 48 samples and 73 columns (including 20 incomplete samples).
Plot 20210831_gender.png saved in ../../results/visualization/.
Plot 20210831_age.png saved in ../../results/visualization/.
Plot 20210831_language.png saved in ../../results/visualization/.
Plot 20210831_ed_level.png saved in ../../results/visualization/.
Plot 20210831_ed_field.png saved in ../../results/visualization/.
Plot 20210831_motivation.png saved in ../../results/visualization/.
Plot 20210831_action.png saved in ../../results/visualization/.
Plot 20210831_quiz_times.png saved in ../../results/visualization/.
Plot 20210831_quiz_times_kde.png saved in ../../results/visualization/.
Plot 20210831_quiz_grades.png saved in ../../results/visualization/.
Plot 20210831_quiz_grades_kde.png saved in ../../results/visualization/.
********************* Transformation **********************
The dataset has been transformed.
New data visualization is available.
Plot 20210831_completion.png saved in ../../results/visualization/.
Plot 20210831_score_visual.png saved in ../../results/visualization/.
Plot 20210831_score_verbal.png saved in ../../results/visualization/.
Plot 20210831_score_factual.png saved in ../../results/visualization/.
Plot 20210831_score_practical.png saved in ../../results/visualization/.
Plot 20210831_score_retention.png saved in ../../results/visualization/.
Plot 20210831_score_deduction.png saved in ../../results/visualization/.
************************ Cleaning *************************
41% missing values.
The dataset has been cleand and saved in ../../data/04_transformed_dataset/.
Text variables have been separated and saved in ../../data/04_transformed_dataset/.
********************* Target variable *********************
Creation of a binary class target variable with 6.66 threshold.
60.71% of success (1) in target variable.
New dataset saved in ../../data/05_modeling_dataset/.

===========================================================
==================== FEATURE SELECTION ====================
===========================================================
********************** Normalization **********************
Features normalized.
************** Low-variance features removal **************
Threshold: 0
Feature(s) removed: %_completion
****************** Correlation statistics *****************
ANOVA F-value computed.
Mutual information computed over 100 repetitions.
Kendall's coefficients computed.
Logistic classifier coefficients computed.
Scatter matrix computed.
Correlation matrix computed.
Variable ranking results saved in ../../results/feature_selection/.
************************ Wrappers *************************
Recursive feature elimination with cross-validation performed.
  - Optimal number of features : 6
  - Plot 20210831_rfecv.png saved in ../../results/feature_selection/.
Features selected by forward sequential selection: st_age, st_french, st_ed_level, st_ed_field, score_factual, score_deduction
Features selected by backward sequential selection: st_ed_field, score_visual, score_verbal, score_factual, score_practical, score_retention
Features selected by RFE: st_ed_field, act_quiz_avrg_grade, score_visual, score_verbal, score_factual, score_practical

===========================================================
======================= EXPERIMENTS =======================
===========================================================
*********************** Preparation ***********************
Preprocessing OLC open dataset...
OLC dataset has been preprocessed and saved in ../../data/open_olc/saved_data/.
D1: collected data. D2: OLC dataset. D3: CNP dataset.
Common features of D1, D2 and D3 have been reformatted and new datasets saved in ../../data/06_common_data/.
************** Balancing techniques results ***************
........................... D1 ............................
----- No sampling -----
Grid search...
DecisionTreeClassifier(max_depth=3, random_state=0)
Fit model...
Feature importance:  [0.0, 0.13, 0.87]
Accuracy: 	 45.0 (+/- 29.86)
Precision: 	 37.5 (+/- 32.33)
Recall: 	 	 45.0 (+/- 31.22)
F1-score: 	 38.17 (+/- 29.85)
----- Downsampling -----
Grid search...
DecisionTreeClassifier(max_depth=1, random_state=0)
Fit model...
Feature importance:  [0.0, 0.0, 1.0]
Accuracy: 	 56.67 (+/- 27.08)
Precision: 	 42.5 (+/- 33.63)
Recall: 	 	 57.5 (+/- 27.5)
F1-score: 	 46.67 (+/- 30.55)
----- Upsampling -----
Grid search...
DecisionTreeClassifier(max_depth=6, random_state=0)
Fit model...
Feature importance:  [0.0, 0.23, 0.77]
Accuracy: 	 51.67 (+/- 23.21)
Precision: 	 48.33 (+/- 30.69)
Recall: 	 	 55.0 (+/- 24.49)
F1-score: 	 47.67 (+/- 26.35)
----- Up and Downsampling ----
Grid search...
DecisionTreeClassifier(max_depth=1, random_state=0)
Fit model...
Feature importance:  [0.0, 0.0, 1.0]
Accuracy: 	 63.33 (+/- 34.8)
Precision: 	 56.67 (+/- 39.76)
Recall: 	 	 65.0 (+/- 33.91)
F1-score: 	 58.17 (+/- 37.53)
----- SMOTE -----
Grid search...
DecisionTreeClassifier(max_depth=4, random_state=0)
Fit model...
Feature importance:  [0.0, 0.19, 0.81]
Accuracy: 	 63.33 (+/- 23.63)
Precision: 	 54.17 (+/- 30.79)
Recall: 	 	 60.0 (+/- 25.5)
F1-score: 	 54.83 (+/- 27.55)
........................... D2 ............................
----- No sampling -----
Grid search...
DecisionTreeClassifier(max_depth=3, random_state=0)
Fit model...
Feature importance:  [0.0, 0.0, 1.0]
Accuracy: 	 77.64 (+/- 2.41)
Precision: 	 78.25 (+/- 7.44)
Recall: 	 	 65.09 (+/- 4.07)
F1-score: 	 65.86 (+/- 4.07)
----- Downsampling -----
Grid search...
DecisionTreeClassifier(max_depth=1, random_state=0)
Fit model...
Feature importance:  [0.0, 0.0, 1.0]
Accuracy: 	 69.6 (+/- 1.08)
Precision: 	 70.02 (+/- 1.0)
Recall: 	 	 69.6 (+/- 1.08)
F1-score: 	 69.43 (+/- 1.15)
----- Upsampling -----
Grid search...
DecisionTreeClassifier(max_depth=6, random_state=0)
Fit model...
Feature importance:  [0.01, 0.01, 0.98]
Accuracy: 	 69.67 (+/- 0.85)
Precision: 	 69.98 (+/- 0.87)
Recall: 	 	 69.67 (+/- 0.85)
F1-score: 	 69.55 (+/- 0.88)
----- Up and Downsampling ----
Grid search...
DecisionTreeClassifier(max_depth=6, random_state=0)
Fit model...
Feature importance:  [0.01, 0.01, 0.98]
Accuracy: 	 69.04 (+/- 1.14)
Precision: 	 69.25 (+/- 1.17)
Recall: 	 	 69.04 (+/- 1.14)
F1-score: 	 68.95 (+/- 1.15)
----- SMOTE -----
Grid search...
DecisionTreeClassifier(max_depth=5, random_state=0)
Fit model...
Feature importance:  [0.04, 0.05, 0.91]
Accuracy: 	 71.2 (+/- 9.8)
Precision: 	 71.92 (+/- 10.59)
Recall: 	 	 71.2 (+/- 9.8)
F1-score: 	 71.03 (+/- 9.84)
........................... D3 ............................
----- No sampling -----
Grid search...
DecisionTreeClassifier(max_depth=1, random_state=0)
Fit model...
Feature importance:  [0.0, 0.0, 1.0]
Accuracy: 	 69.35 (+/- 3.85)
Precision: 	 67.29 (+/- 3.84)
Recall: 	 	 67.41 (+/- 3.67)
F1-score: 	 67.29 (+/- 3.79)
----- Downsampling -----
Grid search...
DecisionTreeClassifier(max_depth=5, random_state=0)
Fit model...
Feature importance:  [0.09, 0.01, 0.9]
Accuracy: 	 69.48 (+/- 2.48)
Precision: 	 69.71 (+/- 2.52)
Recall: 	 	 69.48 (+/- 2.48)
F1-score: 	 69.4 (+/- 2.48)
----- Upsampling -----
Grid search...
DecisionTreeClassifier(max_depth=6, random_state=0)
Fit model...
Feature importance:  [0.09, 0.02, 0.9]
Accuracy: 	 70.01 (+/- 1.47)
Precision: 	 70.17 (+/- 1.49)
Recall: 	 	 70.01 (+/- 1.47)
F1-score: 	 69.95 (+/- 1.48)
----- Up and Downsampling ----
Grid search...
DecisionTreeClassifier(max_depth=5, random_state=0)
Fit model...
Feature importance:  [0.09, 0.01, 0.91]
Accuracy: 	 69.87 (+/- 1.59)
Precision: 	 70.2 (+/- 1.59)
Recall: 	 	 69.87 (+/- 1.59)
F1-score: 	 69.75 (+/- 1.61)
----- SMOTE -----
Grid search...
DecisionTreeClassifier(max_depth=1, random_state=0)
Fit model...
Feature importance:  [0.0, 0.0, 1.0]
Accuracy: 	 67.6 (+/- 3.03)
Precision: 	 67.97 (+/- 3.23)
Recall: 	 	 67.61 (+/- 3.04)
F1-score: 	 67.46 (+/- 2.98)
**************** Usual sources comparison *****************
........................... D1 ............................
----- D  -----
Grid search...
DecisionTreeClassifier(max_depth=1, random_state=0)
Fit model...
Feature importance:  [0.0, 0.0, 1.0]
Accuracy: 	 70.0 (+/- 23.33)
Precision: 	 60.0 (+/- 31.36)
Recall: 	 	 65.0 (+/- 27.84)
F1-score: 	 60.33 (+/- 29.22)
----- A  -----
Grid search...
DecisionTreeClassifier(max_depth=1, random_state=0)
Fit model...
Feature importance:  [1.0]
Accuracy: 	 53.33 (+/- 26.67)
Precision: 	 37.5 (+/- 27.45)
Recall: 	 	 47.5 (+/- 26.1)
F1-score: 	 40.17 (+/- 25.66)
----- B  -----
Grid search...
DecisionTreeClassifier(max_depth=5, random_state=0)
Fit model...
Feature importance:  [0.0, 0.24, 0.76]
Accuracy: 	 70.0 (+/- 34.8)
Precision: 	 65.0 (+/- 39.23)
Recall: 	 	 70.0 (+/- 35.0)
F1-score: 	 65.67 (+/- 37.65)
----- D A  -----
Grid search...
DecisionTreeClassifier(max_depth=3, random_state=0)
Fit model...
Feature importance:  [0.0, 0.0, 0.0, 1.0]
Accuracy: 	 55.0 (+/- 25.87)
Precision: 	 50.0 (+/- 31.62)
Recall: 	 	 52.5 (+/- 30.52)
F1-score: 	 49.17 (+/- 29.92)
----- D B  -----
Grid search...
DecisionTreeClassifier(max_depth=1, random_state=0)
Fit model...
Feature importance:  [0.0, 0.0, 0.0, 0.0, 0.0, 1.0]
Accuracy: 	 66.67 (+/- 25.82)
Precision: 	 59.17 (+/- 32.16)
Recall: 	 	 62.5 (+/- 30.1)
F1-score: 	 58.83 (+/- 30.58)
----- A B  -----
Grid search...
DecisionTreeClassifier(max_depth=5, random_state=0)
Fit model...
Feature importance:  [0.33, 0.0, 0.22, 0.45]
Accuracy: 	 51.67 (+/- 30.23)
Precision: 	 35.83 (+/- 29.12)
Recall: 	 	 45.0 (+/- 29.15)
F1-score: 	 38.5 (+/- 27.85)
----- D A B  -----
Grid search...
DecisionTreeClassifier(max_depth=1, random_state=0)
Fit model...
Feature importance:  [0.0, 0.0, 0.0, 0.0, 0.0, 0.0, 1.0]
Accuracy: 	 50.0 (+/- 30.73)
Precision: 	 39.17 (+/- 31.63)
Recall: 	 	 42.5 (+/- 31.72)
F1-score: 	 40.5 (+/- 31.5)
........................... D2 ............................
----- D  -----
Grid search...
DecisionTreeClassifier(max_depth=1, random_state=0)
Fit model...
Feature importance:  [0.0, 1.0]
Accuracy: 	 86.08 (+/- 0.02)
Precision: 	 43.04 (+/- 0.01)
Recall: 	 	 50.0 (+/- 0.0)
F1-score: 	 46.26 (+/- 0.01)
----- A  -----
Grid search...
DecisionTreeClassifier(max_depth=2, random_state=0)
Fit model...
Feature importance:  [1.0]
Accuracy: 	 87.54 (+/- 1.49)
Precision: 	 76.61 (+/- 9.86)
Recall: 	 	 59.34 (+/- 4.39)
F1-score: 	 61.81 (+/- 6.3)
----- B  -----
Grid search...
DecisionTreeClassifier(max_depth=1, random_state=0)
Fit model...
Feature importance:  [1.0]
Accuracy: 	 86.08 (+/- 0.02)
Precision: 	 43.04 (+/- 0.01)
Recall: 	 	 50.0 (+/- 0.0)
F1-score: 	 46.26 (+/- 0.01)
----- D A  -----
Grid search...
DecisionTreeClassifier(max_depth=2, random_state=0)
Fit model...
Feature importance:  [0.0, 0.0, 1.0]
Accuracy: 	 87.54 (+/- 1.49)
Precision: 	 76.61 (+/- 9.86)
Recall: 	 	 59.34 (+/- 4.39)
F1-score: 	 61.81 (+/- 6.3)
----- D B  -----
Grid search...
DecisionTreeClassifier(max_depth=1, random_state=0)
Fit model...
Feature importance:  [0.0, 0.0, 1.0]
Accuracy: 	 86.08 (+/- 0.02)
Precision: 	 43.04 (+/- 0.01)
Recall: 	 	 50.0 (+/- 0.0)
F1-score: 	 46.26 (+/- 0.01)
----- A B  -----
Grid search...
DecisionTreeClassifier(max_depth=2, random_state=0)
Fit model...
Feature importance:  [1.0, 0.0]
Accuracy: 	 87.54 (+/- 1.49)
Precision: 	 76.61 (+/- 9.86)
Recall: 	 	 59.34 (+/- 4.39)
F1-score: 	 61.81 (+/- 6.3)
----- D A B  -----
Grid search...
DecisionTreeClassifier(max_depth=2, random_state=0)
Fit model...
Feature importance:  [0.0, 0.0, 1.0, 0.0]
Accuracy: 	 87.54 (+/- 1.49)
Precision: 	 76.61 (+/- 9.86)
Recall: 	 	 59.34 (+/- 4.39)
F1-score: 	 61.81 (+/- 6.3)
************** Additional sources comparison **************
........................... D1 ............................
----- D  -----
Grid search...
DecisionTreeClassifier(max_depth=1, random_state=0)
Fit model...
Feature importance:  [0.0, 0.0, 1.0]
Accuracy: 	 70.0 (+/- 23.33)
Precision: 	 60.0 (+/- 31.36)
Recall: 	 	 65.0 (+/- 27.84)
F1-score: 	 60.33 (+/- 29.22)
----- A  -----
Grid search...
DecisionTreeClassifier(max_depth=1, random_state=0)
Fit model...
Feature importance:  [1.0]
Accuracy: 	 53.33 (+/- 26.67)
Precision: 	 37.5 (+/- 27.45)
Recall: 	 	 47.5 (+/- 26.1)
F1-score: 	 40.17 (+/- 25.66)
----- B  -----
Grid search...
DecisionTreeClassifier(max_depth=5, random_state=0)
Fit model...
Feature importance:  [0.0, 0.24, 0.76]
Accuracy: 	 70.0 (+/- 34.8)
Precision: 	 65.0 (+/- 39.23)
Recall: 	 	 70.0 (+/- 35.0)
F1-score: 	 65.67 (+/- 37.65)
----- P  -----
Grid search...
DecisionTreeClassifier(max_depth=1, random_state=0)
Fit model...
Feature importance:  [1.0]
Accuracy: 	 60.0 (+/- 11.06)
Precision: 	 30.0 (+/- 5.53)
Recall: 	 	 50.0 (+/- 0.0)
F1-score: 	 37.17 (+/- 4.83)
----- L  -----
Grid search...
DecisionTreeClassifier(max_depth=1, random_state=0)
Fit model...
Feature importance:  [0.0, 1.0, 0.0, 0.0, 0.0, 0.0]
Accuracy: 	 63.33 (+/- 31.45)
Precision: 	 56.67 (+/- 35.51)
Recall: 	 	 60.0 (+/- 33.91)
F1-score: 	 56.33 (+/- 34.07)
----- D A  -----
Grid search...
DecisionTreeClassifier(max_depth=3, random_state=0)
Fit model...
Feature importance:  [0.0, 0.0, 0.0, 1.0]
Accuracy: 	 55.0 (+/- 25.87)
Precision: 	 50.0 (+/- 31.62)
Recall: 	 	 52.5 (+/- 30.52)
F1-score: 	 49.17 (+/- 29.92)
----- D B  -----
Grid search...
DecisionTreeClassifier(max_depth=1, random_state=0)
Fit model...
Feature importance:  [0.0, 0.0, 0.0, 0.0, 0.0, 1.0]
Accuracy: 	 66.67 (+/- 25.82)
Precision: 	 59.17 (+/- 32.16)
Recall: 	 	 62.5 (+/- 30.1)
F1-score: 	 58.83 (+/- 30.58)
----- D P  -----
Grid search...
DecisionTreeClassifier(max_depth=1, random_state=0)
Fit model...
Feature importance:  [0.0, 0.0, 1.0, 0.0]
Accuracy: 	 70.0 (+/- 23.33)
Precision: 	 60.0 (+/- 31.36)
Recall: 	 	 65.0 (+/- 27.84)
F1-score: 	 60.33 (+/- 29.22)
----- D L  -----
Grid search...
DecisionTreeClassifier(max_depth=1, random_state=0)
Fit model...
Feature importance:  [0.0, 0.0, 0.0, 0.0, 1.0, 0.0, 0.0, 0.0, 0.0]
Accuracy: 	 63.33 (+/- 31.45)
Precision: 	 56.67 (+/- 35.51)
Recall: 	 	 60.0 (+/- 33.91)
F1-score: 	 56.33 (+/- 34.07)
----- A B  -----
Grid search...
DecisionTreeClassifier(max_depth=5, random_state=0)
Fit model...
Feature importance:  [0.33, 0.0, 0.22, 0.45]
Accuracy: 	 51.67 (+/- 30.23)
Precision: 	 35.83 (+/- 29.12)
Recall: 	 	 45.0 (+/- 29.15)
F1-score: 	 38.5 (+/- 27.85)
----- A P  -----
Grid search...
DecisionTreeClassifier(max_depth=1, random_state=0)
Fit model...
Feature importance:  [1.0, 0.0]
Accuracy: 	 53.33 (+/- 26.67)
Precision: 	 37.5 (+/- 27.45)
Recall: 	 	 47.5 (+/- 26.1)
F1-score: 	 40.17 (+/- 25.66)
----- A L  -----
Grid search...
DecisionTreeClassifier(max_depth=3, random_state=0)
Fit model...
Feature importance:  [0.0, 0.13, 0.4, 0.15, 0.0, 0.0, 0.32]
Accuracy: 	 61.67 (+/- 31.67)
Precision: 	 55.83 (+/- 36.14)
Recall: 	 	 60.0 (+/- 33.91)
F1-score: 	 55.67 (+/- 34.44)
----- B P  -----
Grid search...
DecisionTreeClassifier(max_depth=1, random_state=0)
Fit model...
Feature importance:  [0.0, 0.0, 1.0, 0.0]
Accuracy: 	 66.67 (+/- 25.82)
Precision: 	 59.17 (+/- 32.16)
Recall: 	 	 62.5 (+/- 30.1)
F1-score: 	 58.83 (+/- 30.58)
----- B L  -----
Grid search...
DecisionTreeClassifier(max_depth=1, random_state=0)
Fit model...
Feature importance:  [0.0, 0.0, 0.0, 0.0, 1.0, 0.0, 0.0, 0.0, 0.0]
Accuracy: 	 56.67 (+/- 30.0)
Precision: 	 49.17 (+/- 33.43)
Recall: 	 	 52.5 (+/- 32.5)
F1-score: 	 48.83 (+/- 31.81)
----- P L  -----
Grid search...
DecisionTreeClassifier(max_depth=3, random_state=0)
Fit model...
Feature importance:  [0.0, 0.13, 0.4, 0.15, 0.0, 0.0, 0.32]
Accuracy: 	 65.0 (+/- 33.71)
Precision: 	 58.33 (+/- 38.19)
Recall: 	 	 62.5 (+/- 35.79)
F1-score: 	 59.0 (+/- 36.87)
----- D A B  -----
Grid search...
DecisionTreeClassifier(max_depth=1, random_state=0)
Fit model...
Feature importance:  [0.0, 0.0, 0.0, 0.0, 0.0, 0.0, 1.0]
Accuracy: 	 50.0 (+/- 30.73)
Precision: 	 39.17 (+/- 31.63)
Recall: 	 	 42.5 (+/- 31.72)
F1-score: 	 40.5 (+/- 31.5)
----- D A P  -----
Grid search...
DecisionTreeClassifier(max_depth=3, random_state=0)
Fit model...
Feature importance:  [0.0, 0.0, 0.0, 1.0, 0.0]
Accuracy: 	 58.33 (+/- 25.0)
Precision: 	 50.83 (+/- 31.06)
Recall: 	 	 55.0 (+/- 29.15)
F1-score: 	 50.67 (+/- 29.03)
----- D A L  -----
Grid search...
DecisionTreeClassifier(max_depth=3, random_state=0)
Fit model...
Feature importance:  [0.0, 0.0, 0.13, 0.0, 0.32, 0.4, 0.15, 0.0, 0.0, 0.0]
Accuracy: 	 61.67 (+/- 23.63)
Precision: 	 51.67 (+/- 30.46)
Recall: 	 	 57.5 (+/- 27.5)
F1-score: 	 52.17 (+/- 28.04)
----- D B P  -----
Grid search...
DecisionTreeClassifier(max_depth=1, random_state=0)
Fit model...
Feature importance:  [0.0, 0.0, 0.0, 0.0, 0.0, 1.0, 0.0]
Accuracy: 	 66.67 (+/- 25.82)
Precision: 	 59.17 (+/- 32.16)
Recall: 	 	 62.5 (+/- 30.1)
F1-score: 	 58.83 (+/- 30.58)
----- D B L  -----
Grid search...
DecisionTreeClassifier(max_depth=1, random_state=0)
Fit model...
Feature importance:  [0.0, 0.0, 0.0, 0.0, 0.0, 0.0, 0.0, 1.0, 0.0, 0.0, 0.0, 0.0]
Accuracy: 	 56.67 (+/- 30.0)
Precision: 	 49.17 (+/- 33.43)
Recall: 	 	 52.5 (+/- 32.5)
F1-score: 	 48.83 (+/- 31.81)
----- D P L  -----
Grid search...
DecisionTreeClassifier(max_depth=1, random_state=0)
Fit model...
Feature importance:  [0.0, 0.0, 0.0, 0.0, 0.0, 1.0, 0.0, 0.0, 0.0, 0.0]
Accuracy: 	 63.33 (+/- 31.45)
Precision: 	 56.67 (+/- 35.51)
Recall: 	 	 60.0 (+/- 33.91)
F1-score: 	 56.33 (+/- 34.07)
----- A B P  -----
Grid search...
DecisionTreeClassifier(max_depth=2, random_state=0)
Fit model...
Feature importance:  [0.58, 0.0, 0.0, 0.42, 0.0]
Accuracy: 	 48.33 (+/- 26.3)
Precision: 	 29.17 (+/- 19.81)
Recall: 	 	 40.0 (+/- 22.91)
F1-score: 	 32.5 (+/- 19.02)
----- A B L  -----
Grid search...
DecisionTreeClassifier(max_depth=5, random_state=0)
Fit model...
Feature importance:  [0.0, 0.0, 0.14, 0.0, 0.0, 0.3, 0.23, 0.0, 0.11, 0.22]
Accuracy: 	 61.67 (+/- 31.67)
Precision: 	 55.83 (+/- 36.14)
Recall: 	 	 60.0 (+/- 33.91)
F1-score: 	 55.67 (+/- 34.44)
----- A P L  -----
Grid search...
DecisionTreeClassifier(max_depth=4, random_state=0)
Fit model...
Feature importance:  [0.12, 0.0, 0.1, 0.3, 0.11, 0.0, 0.0, 0.36]
Accuracy: 	 61.67 (+/- 31.67)
Precision: 	 51.67 (+/- 36.09)
Recall: 	 	 57.5 (+/- 33.63)
F1-score: 	 53.0 (+/- 34.52)
----- B P L  -----
Grid search...
DecisionTreeClassifier(max_depth=1, random_state=0)
Fit model...
Feature importance:  [0.0, 0.0, 0.0, 0.0, 0.0, 1.0, 0.0, 0.0, 0.0, 0.0]
Accuracy: 	 56.67 (+/- 30.0)
Precision: 	 49.17 (+/- 33.43)
Recall: 	 	 52.5 (+/- 32.5)
F1-score: 	 48.83 (+/- 31.81)
----- D A B P  -----
Grid search...
DecisionTreeClassifier(max_depth=2, random_state=0)
Fit model...
Feature importance:  [0.0, 0.0, 0.0, 0.39, 0.0, 0.0, 0.42, 0.19]
Accuracy: 	 48.33 (+/- 26.3)
Precision: 	 33.33 (+/- 24.15)
Recall: 	 	 42.5 (+/- 25.12)
F1-score: 	 35.17 (+/- 21.58)
----- D A B L  -----
Grid search...
DecisionTreeClassifier(max_depth=1, random_state=0)
Fit model...
Feature importance:  [0.0, 0.0, 0.0, 0.0, 0.0, 0.0, 0.0, 0.0, 1.0, 0.0, 0.0, 0.0, 0.0]
Accuracy: 	 56.67 (+/- 30.0)
Precision: 	 49.17 (+/- 33.43)
Recall: 	 	 52.5 (+/- 32.5)
F1-score: 	 48.83 (+/- 31.81)
----- D A P L  -----
Grid search...
DecisionTreeClassifier(max_depth=2, random_state=0)
Fit model...
Feature importance:  [0.0, 0.0, 0.0, 0.0, 0.0, 0.2, 0.58, 0.22, 0.0, 0.0, 0.0]
Accuracy: 	 58.33 (+/- 32.7)
Precision: 	 50.0 (+/- 37.27)
Recall: 	 	 57.5 (+/- 33.63)
F1-score: 	 51.5 (+/- 35.37)
----- D B P L  -----
Grid search...
DecisionTreeClassifier(max_depth=1, random_state=0)
Fit model...
Feature importance:  [0.0, 0.0, 0.0, 0.0, 0.0, 0.0, 0.0, 0.0, 1.0, 0.0, 0.0, 0.0, 0.0]
Accuracy: 	 56.67 (+/- 30.0)
Precision: 	 49.17 (+/- 33.43)
Recall: 	 	 52.5 (+/- 32.5)
F1-score: 	 48.83 (+/- 31.81)
----- A B P L  -----
Grid search...
DecisionTreeClassifier(max_depth=1, random_state=0)
Fit model...
Feature importance:  [0.0, 0.0, 0.0, 0.0, 0.0, 0.0, 1.0, 0.0, 0.0, 0.0, 0.0]
Accuracy: 	 56.67 (+/- 30.0)
Precision: 	 49.17 (+/- 33.43)
Recall: 	 	 52.5 (+/- 32.5)
F1-score: 	 48.83 (+/- 31.81)
----- D A B P L  -----
Grid search...
DecisionTreeClassifier(max_depth=1, random_state=0)
Fit model...
Feature importance:  [0.0, 0.0, 0.0, 0.0, 0.0, 0.0, 0.0, 0.0, 0.0, 1.0, 0.0, 0.0, 0.0, 0.0]
Accuracy: 	 56.67 (+/- 30.0)
Precision: 	 49.17 (+/- 33.43)
Recall: 	 	 52.5 (+/- 32.5)
F1-score: 	 48.83 (+/- 31.81)
*************** Transfer learning experiment **************
Training class-imbalance ratios:
D1:  50.0
D2:  50.0
D3:  50.0
Test class-imbalance ratios:
D1:  60.71
D2:  72.52
D3:  36.78
..................... Decision trees ......................
----- Training on D1, testing on D1, D2 and D3
      acc  preci  recall     f1
D1  64.28  62.60   57.75  56.25
D2  67.07  65.56   69.43  64.68
D3  63.16  46.98   49.98  38.81
----- Training on D2, testing on D1, D2 and D3
      acc  preci  recall     f1
D1  60.71  56.25   53.20  49.91
D2  70.29  66.76   70.33  67.00
D3  58.39  46.58   48.38  44.04
----- Training on D3, testing on D1, D2 and D3
      acc  preci  recall     f1
D1  46.42  58.33   54.27  42.85
D2  39.59  43.19   41.70  38.37
D3  68.29  68.51   69.89  67.79
.......................... SVM ............................
----- Training on D1, testing on D1, D2 and D3
      acc  preci  recall     f1
D1  60.71  59.37   59.62  59.42
D2  51.19  56.40   57.65  50.52
D3  54.71  56.46   56.84  54.49
----- Training on D2, testing on D1, D2 and D3
      acc  preci  recall     f1
D1  64.28  63.58   64.17  63.54
D2  71.07  66.85   70.06  67.34
D3  61.19  47.77   49.47  42.11
----- Training on D3, testing on D1, D2 and D3
      acc  preci  recall     f1
D1  64.28  62.60   57.75  56.25
D2  74.41  81.53   53.74  49.70
D3  67.28  64.64   64.34  64.47
........................... RF ............................
----- Training on D1, testing on D1, D2 and D3
      acc  preci  recall     f1
D1  60.71  57.49   56.41  56.18
D2  55.03  62.45   64.36  54.72
D3  62.78  56.78   53.49  50.84
----- Training on D2, testing on D1, D2 and D3
      acc  preci  recall     f1
D1  60.71  56.25   53.20  49.91
D2  72.42  67.94   71.11  68.59
D3  60.87  42.22   48.66  39.92
----- Training on D3, testing on D1, D2 and D3
      acc  preci  recall     f1
D1  42.85  49.56   49.73  40.10
D2  40.08  43.99   42.71  38.99
D3  69.88  69.35   70.77  69.15

Duration: 1:21:58.117426
(start 	 2021-08-31 22:27:56.931491)
(end 	 2021-08-31 23:49:54.777209)
